<?xml version="1.0" encoding="UTF-8"?>
<testsuite xmlns:xsi="http://www.w3.org/2001/XMLSchema-instance" xsi:noNamespaceSchemaLocation="https://maven.apache.org/surefire/maven-surefire-plugin/xsd/surefire-test-report.xsd" name="com.voronov.travelingbotdemo.service.AdminServiceTest" time="1.799" tests="3" errors="0" skipped="0" failures="0">
  <properties>
[...]
</properties>
  <testcase name="filterCityByName" classname="com.voronov.travelingbotdemo.service.AdminServiceTest" time="0.03"/>
  <testcase name="addCity" classname="com.voronov.travelingbotdemo.service.AdminServiceTest" time="0.006"/>
  <testcase name="filterCityByNameNull" classname="com.voronov.travelingbotdemo.service.AdminServiceTest" time="0.005"/>
</testsuite>